<?xml version="1.0" encoding="UTF-8"?>
<!-- Generated by org.testng.reporters.JUnitReportReporter -->
<testsuite hostname="DESKTOP-N4HUTNH" failures="0" tests="1" name="Runnerone.Runnernew" time="191.563" errors="1" timestamp="2024-12-05T17:16:01 IST" skipped="0">
  <testcase classname="Runnerone.Runnernew" name="runScenario" time="191.563">
    <error message="element click intercepted: Element &lt;button class=&quot;MuiButtonBase-root MuiTab-root MuiTab-textColorPrimary textTransform-survey css-1p6rfft&quot; tabindex=&quot;-1&quot; type=&quot;button&quot; role=&quot;tab&quot; aria-selected=&quot;false&quot; aria-controls=&quot;mui-p-45436-P-overview&quot; id=&quot;mui-p-45436-T-overview&quot;&gt;...&lt;/button&gt; is not clickable at point (115, 130). Other element would receive the click: &lt;div class=&quot;bold&quot;&gt;...&lt;/div&gt;
  (Session info: chrome=131.0.6778.87)
Build info: version: &#039;4.26.0&#039;, revision: &#039;8ccf0219d7&#039;
System info: os.name: &#039;Windows 10&#039;, os.arch: &#039;amd64&#039;, os.version: &#039;10.0&#039;, java.version: &#039;23.0.1&#039;
Driver info: org.openqa.selenium.chrome.ChromeDriver
Command: [a27f57f8a835d219a2dc47adf7a08b1a, clickElement {id=f.D17F888FEF5287FC2EB986F3D416CA73.d.10EDF7734252CE369866C69975EA0CC4.e.720}]
Capabilities {acceptInsecureCerts: false, browserName: chrome, browserVersion: 131.0.6778.87, chrome: {chromedriverVersion: 131.0.6778.69 (77e2244bbcda..., userDataDir: C:\Users\Admin\AppData\Loca...}, fedcm:accounts: true, goog:chromeOptions: {debuggerAddress: localhost:50171}, networkConnectionEnabled: false, pageLoadStrategy: normal, platformName: windows, proxy: Proxy(), se:cdp: ws://localhost:50171/devtoo..., se:cdpVersion: 131.0.6778.87, setWindowRect: true, strictFileInteractability: false, timeouts: {implicit: 0, pageLoad: 300000, script: 30000}, unhandledPromptBehavior: dismiss and notify, webauthn:extension:credBlob: true, webauthn:extension:largeBlob: true, webauthn:extension:minPinLength: true, webauthn:extension:prf: true, webauthn:virtualAuthenticators: true}
Element: [[ChromeDriver: chrome on windows (a27f57f8a835d219a2dc47adf7a08b1a)] -&gt; xpath: //button[text() = &#039;Overview&#039;]]
Session ID: a27f57f8a835d219a2dc47adf7a08b1a" type="org.openqa.selenium.ElementClickInterceptedException">
      <![CDATA[org.openqa.selenium.ElementClickInterceptedException: element click intercepted: Element <button class="MuiButtonBase-root MuiTab-root MuiTab-textColorPrimary textTransform-survey css-1p6rfft" tabindex="-1" type="button" role="tab" aria-selected="false" aria-controls="mui-p-45436-P-overview" id="mui-p-45436-T-overview">...</button> is not clickable at point (115, 130). Other element would receive the click: <div class="bold">...</div>
  (Session info: chrome=131.0.6778.87)
Build info: version: '4.26.0', revision: '8ccf0219d7'
System info: os.name: 'Windows 10', os.arch: 'amd64', os.version: '10.0', java.version: '23.0.1'
Driver info: org.openqa.selenium.chrome.ChromeDriver
Command: [a27f57f8a835d219a2dc47adf7a08b1a, clickElement {id=f.D17F888FEF5287FC2EB986F3D416CA73.d.10EDF7734252CE369866C69975EA0CC4.e.720}]
Capabilities {acceptInsecureCerts: false, browserName: chrome, browserVersion: 131.0.6778.87, chrome: {chromedriverVersion: 131.0.6778.69 (77e2244bbcda..., userDataDir: C:\Users\Admin\AppData\Loca...}, fedcm:accounts: true, goog:chromeOptions: {debuggerAddress: localhost:50171}, networkConnectionEnabled: false, pageLoadStrategy: normal, platformName: windows, proxy: Proxy(), se:cdp: ws://localhost:50171/devtoo..., se:cdpVersion: 131.0.6778.87, setWindowRect: true, strictFileInteractability: false, timeouts: {implicit: 0, pageLoad: 300000, script: 30000}, unhandledPromptBehavior: dismiss and notify, webauthn:extension:credBlob: true, webauthn:extension:largeBlob: true, webauthn:extension:minPinLength: true, webauthn:extension:prf: true, webauthn:virtualAuthenticators: true}
Element: [[ChromeDriver: chrome on windows (a27f57f8a835d219a2dc47adf7a08b1a)] -> xpath: //button[text() = 'Overview']]
Session ID: a27f57f8a835d219a2dc47adf7a08b1a
at java.base/jdk.internal.reflect.DirectConstructorHandleAccessor.newInstance(DirectConstructorHandleAccessor.java:62)
at java.base/java.lang.reflect.Constructor.newInstanceWithCaller(Constructor.java:501)
at java.base/java.lang.reflect.Constructor.newInstance(Constructor.java:485)
at org.openqa.selenium.remote.ErrorCodec.decode(ErrorCodec.java:167)
at org.openqa.selenium.remote.codec.w3c.W3CHttpResponseCodec.decode(W3CHttpResponseCodec.java:138)
at org.openqa.selenium.remote.codec.w3c.W3CHttpResponseCodec.decode(W3CHttpResponseCodec.java:50)
at org.openqa.selenium.remote.HttpCommandExecutor.execute(HttpCommandExecutor.java:190)
at org.openqa.selenium.remote.service.DriverCommandExecutor.invokeExecute(DriverCommandExecutor.java:216)
at org.openqa.selenium.remote.service.DriverCommandExecutor.execute(DriverCommandExecutor.java:174)
at org.openqa.selenium.remote.RemoteWebDriver.execute(RemoteWebDriver.java:545)
at org.openqa.selenium.remote.RemoteWebElement.execute(RemoteWebElement.java:223)
at org.openqa.selenium.remote.RemoteWebElement.click(RemoteWebElement.java:76)
at steps.loginsteps.publishSurvey(loginsteps.java:445)
at âœ½.Publish survey(file:///C:/Users/Admin/eclipse-workspace/Survey_Cucumber/src/test/resources/featureone/Login.feature:73)
]]>
    </error>
  </testcase> <!-- runScenario -->
</testsuite> <!-- Runnerone.Runnernew -->
